Determining if the pthread_create exist failed with the following output:
Change Dir: /home/uav/catkin_ws/src/Multi_Robots_DMPC/sync_dmpc_form/build/CMakeFiles/CMakeTmp

Run Build Command:"/usr/bin/make" "cmTC_e7bfc/fast"
/usr/bin/make -f CMakeFiles/cmTC_e7bfc.dir/build.make CMakeFiles/cmTC_e7bfc.dir/build
make[1]: Entering directory '/home/uav/catkin_ws/src/Multi_Robots_DMPC/sync_dmpc_form/build/CMakeFiles/CMakeTmp'
Building C object CMakeFiles/cmTC_e7bfc.dir/CheckSymbolExists.c.o
/usr/bin/cc    -o CMakeFiles/cmTC_e7bfc.dir/CheckSymbolExists.c.o   -c /home/uav/catkin_ws/src/Multi_Robots_DMPC/sync_dmpc_form/build/CMakeFiles/CMakeTmp/CheckSymbolExists.c
Linking C executable cmTC_e7bfc
/usr/bin/cmake -E cmake_link_script CMakeFiles/cmTC_e7bfc.dir/link.txt --verbose=1
/usr/bin/cc      -rdynamic CMakeFiles/cmTC_e7bfc.dir/CheckSymbolExists.c.o  -o cmTC_e7bfc 
CMakeFiles/cmTC_e7bfc.dir/CheckSymbolExists.c.o: In function `main':
CheckSymbolExists.c:(.text+0x14): undefined reference to `pthread_create'
CheckSymbolExists.c:(.text+0x18): undefined reference to `pthread_create'
collect2: error: ld returned 1 exit status
CMakeFiles/cmTC_e7bfc.dir/build.make:97: recipe for target 'cmTC_e7bfc' failed
make[1]: *** [cmTC_e7bfc] Error 1
make[1]: Leaving directory '/home/uav/catkin_ws/src/Multi_Robots_DMPC/sync_dmpc_form/build/CMakeFiles/CMakeTmp'
Makefile:126: recipe for target 'cmTC_e7bfc/fast' failed
make: *** [cmTC_e7bfc/fast] Error 2

File /home/uav/catkin_ws/src/Multi_Robots_DMPC/sync_dmpc_form/build/CMakeFiles/CMakeTmp/CheckSymbolExists.c:
/* */
#include <pthread.h>

int main(int argc, char** argv)
{
  (void)argv;
#ifndef pthread_create
  return ((int*)(&pthread_create))[argc];
#else
  (void)argc;
  return 0;
#endif
}

Determining if the function pthread_create exists in the pthreads failed with the following output:
Change Dir: /home/uav/catkin_ws/src/Multi_Robots_DMPC/sync_dmpc_form/build/CMakeFiles/CMakeTmp

Run Build Command:"/usr/bin/make" "cmTC_fd706/fast"
/usr/bin/make -f CMakeFiles/cmTC_fd706.dir/build.make CMakeFiles/cmTC_fd706.dir/build
make[1]: Entering directory '/home/uav/catkin_ws/src/Multi_Robots_DMPC/sync_dmpc_form/build/CMakeFiles/CMakeTmp'
Building C object CMakeFiles/cmTC_fd706.dir/CheckFunctionExists.c.o
/usr/bin/cc   -DCHECK_FUNCTION_EXISTS=pthread_create   -o CMakeFiles/cmTC_fd706.dir/CheckFunctionExists.c.o   -c /usr/share/cmake-3.10/Modules/CheckFunctionExists.c
Linking C executable cmTC_fd706
/usr/bin/cmake -E cmake_link_script CMakeFiles/cmTC_fd706.dir/link.txt --verbose=1
/usr/bin/cc  -DCHECK_FUNCTION_EXISTS=pthread_create    -rdynamic CMakeFiles/cmTC_fd706.dir/CheckFunctionExists.c.o  -o cmTC_fd706 -lpthreads 
/usr/bin/ld: cannot find -lpthreads
collect2: error: ld returned 1 exit status
CMakeFiles/cmTC_fd706.dir/build.make:97: recipe for target 'cmTC_fd706' failed
make[1]: *** [cmTC_fd706] Error 1
make[1]: Leaving directory '/home/uav/catkin_ws/src/Multi_Robots_DMPC/sync_dmpc_form/build/CMakeFiles/CMakeTmp'
Makefile:126: recipe for target 'cmTC_fd706/fast' failed
make: *** [cmTC_fd706/fast] Error 2


